<?xml version="1.0" encoding="UTF-8"?>
<!-- Generated by org.testng.reporters.JUnitXMLReporter -->
<testsuite ignored="4" hostname="NAG1-LHP-N06804" failures="0" tests="7" name="Regression" time="51.642" errors="0" timestamp="2020-08-29T18:00:05 IST">
  <testcase classname="spec.GallaryHomeScreenSpec" name="verifyHomePageDisplayed" time="3.13"/>
  <testcase classname="spec.ShrineLoginScreenSpec" name="verifyShrineLoginScreen" time="1.616"/>
  <testcase classname="spec.ShrineLoginScreenSpec" name="verifyLoginDetails" time="7.675"/>
  <testcase classname="spec.ShrineHomeScreenSpec" name="verifyShrineLoginScreen" time="1.65"/>
  <testcase classname="spec.ShrineHomeScreenSpec" name="verifyClothingFilterIsSelected" time="2.311"/>
  <testcase classname="spec.ShrineHomeScreenSpec" name="addFirstShirt" time="28.92"/>
  <testcase classname="spec.ShrineHomeScreenSpec" name="addWalterHenryShirt" time="6.288"/>
  <testcase classname="base.BaseClass" name="@AfterSuite stopServer" time="0.0">
    <ignored/>
  </testcase> <!-- @AfterSuite stopServer -->
  <testcase classname="base.BaseClass" name="@AfterSuite stopServer" time="0.0">
    <ignored/>
  </testcase> <!-- @AfterSuite stopServer -->
  <testcase classname="base.BaseClass" name="@BeforeSuite startServer" time="0.0">
    <ignored/>
  </testcase> <!-- @BeforeSuite startServer -->
  <testcase classname="base.BaseClass" name="@BeforeSuite startServer" time="0.0">
    <ignored/>
  </testcase> <!-- @BeforeSuite startServer -->
</testsuite> <!-- Regression -->
