<?xml version="1.0" encoding="UTF-8"?>
<testng-results ignored="4" total="11" passed="7" failed="0" skipped="0">
  <reporter-output>
  </reporter-output>
  <suite started-at="2020-08-29T17:59:13 IST" name="Suite1" finished-at="2020-08-29T18:00:05 IST" duration-ms="51642">
    <groups>
    </groups>
    <test started-at="2020-08-29T17:59:13 IST" name="Regression" finished-at="2020-08-29T18:00:05 IST" duration-ms="51642">
      <class name="spec.GallaryHomeScreenSpec">
        <test-method is-config="true" signature="startServer()[pri:0, instance:spec.GallaryHomeScreenSpec@282003e1]" started-at="2020-08-29T17:58:47 IST" name="startServer" finished-at="2020-08-29T17:59:13 IST" duration-ms="26007" status="PASS">
          <reporter-output>
          </reporter-output>
        </test-method> <!-- startServer -->
        <test-method signature="verifyHomePageDisplayed()[pri:0, instance:spec.GallaryHomeScreenSpec@282003e1]" started-at="2020-08-29T17:59:13 IST" name="verifyHomePageDisplayed" finished-at="2020-08-29T17:59:16 IST" duration-ms="3130" status="PASS">
          <reporter-output>
          </reporter-output>
        </test-method> <!-- verifyHomePageDisplayed -->
        <test-method is-config="true" signature="stopServer()[pri:0, instance:spec.GallaryHomeScreenSpec@282003e1]" started-at="2020-08-29T18:00:05 IST" name="stopServer" finished-at="2020-08-29T18:00:08 IST" duration-ms="2791" status="PASS">
          <reporter-output>
          </reporter-output>
        </test-method> <!-- stopServer -->
      </class> <!-- spec.GallaryHomeScreenSpec -->
      <class name="spec.ShrineLoginScreenSpec">
        <test-method signature="verifyShrineLoginScreen()[pri:0, instance:spec.ShrineLoginScreenSpec@7fad8c79]" started-at="2020-08-29T17:59:16 IST" name="verifyShrineLoginScreen" finished-at="2020-08-29T17:59:18 IST" duration-ms="1616" status="PASS">
          <reporter-output>
          </reporter-output>
        </test-method> <!-- verifyShrineLoginScreen -->
        <test-method signature="verifyLoginDetails()[pri:0, instance:spec.ShrineLoginScreenSpec@7fad8c79]" started-at="2020-08-29T17:59:18 IST" name="verifyLoginDetails" finished-at="2020-08-29T17:59:26 IST" depends-on-methods="spec.ShrineLoginScreenSpec.verifyShrineLoginScreen" duration-ms="7675" status="PASS">
          <reporter-output>
          </reporter-output>
        </test-method> <!-- verifyLoginDetails -->
      </class> <!-- spec.ShrineLoginScreenSpec -->
      <class name="spec.ShrineHomeScreenSpec">
        <test-method signature="verifyShrineLoginScreen()[pri:0, instance:spec.ShrineHomeScreenSpec@71a794e5]" started-at="2020-08-29T17:59:26 IST" name="verifyShrineLoginScreen" finished-at="2020-08-29T17:59:27 IST" duration-ms="1650" status="PASS">
          <reporter-output>
          </reporter-output>
        </test-method> <!-- verifyShrineLoginScreen -->
        <test-method signature="verifyClothingFilterIsSelected()[pri:0, instance:spec.ShrineHomeScreenSpec@71a794e5]" started-at="2020-08-29T17:59:27 IST" name="verifyClothingFilterIsSelected" finished-at="2020-08-29T17:59:30 IST" depends-on-methods="spec.ShrineHomeScreenSpec.verifyShrineLoginScreen" duration-ms="2311" status="PASS">
          <reporter-output>
          </reporter-output>
        </test-method> <!-- verifyClothingFilterIsSelected -->
        <test-method signature="addFirstShirt()[pri:0, instance:spec.ShrineHomeScreenSpec@71a794e5]" started-at="2020-08-29T17:59:30 IST" name="addFirstShirt" finished-at="2020-08-29T17:59:59 IST" depends-on-methods="spec.ShrineHomeScreenSpec.verifyClothingFilterIsSelected" duration-ms="28920" status="PASS">
          <reporter-output>
          </reporter-output>
        </test-method> <!-- addFirstShirt -->
        <test-method signature="addWalterHenryShirt()[pri:0, instance:spec.ShrineHomeScreenSpec@71a794e5]" started-at="2020-08-29T17:59:59 IST" name="addWalterHenryShirt" finished-at="2020-08-29T18:00:05 IST" depends-on-methods="spec.ShrineHomeScreenSpec.addFirstShirt" duration-ms="6288" status="PASS">
          <reporter-output>
          </reporter-output>
        </test-method> <!-- addWalterHenryShirt -->
      </class> <!-- spec.ShrineHomeScreenSpec -->
    </test> <!-- Regression -->
  </suite> <!-- Suite1 -->
</testng-results>
